{
  "stats": {
    "suites": 1,
    "tests": 3,
    "passes": 2,
    "pending": 0,
    "failures": 1,
    "start": "2024-10-04T15:37:10.569Z",
    "end": "2024-10-04T15:37:25.983Z",
    "duration": 15414,
    "testsRegistered": 3,
    "passPercent": 66.66666666666666,
    "pendingPercent": 0,
    "other": 0,
    "hasOther": false,
    "skipped": 0,
    "hasSkipped": false
  },
  "results": [
    {
      "uuid": "d5d63159-6452-4350-990f-e10fed97c498",
      "title": "",
      "fullFile": "cypress\\e2e\\login.cy.js",
      "file": "cypress\\e2e\\login.cy.js",
      "beforeHooks": [],
      "afterHooks": [],
      "tests": [],
      "suites": [
        {
          "uuid": "58f3b40d-fcf9-48f4-95b8-b2a18d1bd949",
          "title": "Funcionalidade Login",
          "fullFile": "",
          "file": "",
          "beforeHooks": [],
          "afterHooks": [],
          "tests": [
            {
              "title": "Login com sucesso usando Comando customizado",
              "fullTitle": "Funcionalidade Login Login com sucesso usando Comando customizado",
              "timedOut": null,
              "duration": 4105,
              "state": "passed",
              "speed": "fast",
              "pass": true,
              "fail": false,
              "pending": false,
              "context": null,
              "code": "cy.login(dadosLogin.usuario, dadosLogin.senha);\ncy.get('.page-title').should('contain', 'Minha conta');",
              "err": {},
              "uuid": "473b8b97-7b94-496e-a3bc-c2eb903c3ff7",
              "parentUUID": "58f3b40d-fcf9-48f4-95b8-b2a18d1bd949",
              "isHook": false,
              "skipped": false
            },
            {
              "title": "Login usando fixture",
              "fullTitle": "Funcionalidade Login Login usando fixture",
              "timedOut": null,
              "duration": 2058,
              "state": "passed",
              "speed": "fast",
              "pass": true,
              "fail": false,
              "pending": false,
              "context": null,
              "code": "cy.fixture('perfil').then(dados => {\n  cy.login(dados.usuario, dados.senha);\n});\ncy.get('.page-title').should('contain', 'Minha conta');",
              "err": {},
              "uuid": "75e60b73-8bd6-4a35-932c-84c00c346028",
              "parentUUID": "58f3b40d-fcf9-48f4-95b8-b2a18d1bd949",
              "isHook": false,
              "skipped": false
            },
            {
              "title": "Deve fazer login com sucesso - sem otimização",
              "fullTitle": "Funcionalidade Login Deve fazer login com sucesso - sem otimização",
              "timedOut": null,
              "duration": 6653,
              "state": "failed",
              "speed": null,
              "pass": false,
              "fail": true,
              "pending": false,
              "context": null,
              "code": "cy.get('#username').type(dadosLogin.usuario);\ncy.get('#password').type(dadosLogin.senha, {\n  log: false\n});\ncy.get('.woocommerce-form > .button').click();\ncy.get('.page-title').should('contain', 'Minha conta');\ncy.get('.woocommerce-MyAccount-content > :nth-child(2)').should('contain', 'Olá, aluno_ebac');",
              "err": {
                "message": "AssertionError: Timed out retrying after 4000ms: Expected to find element: `.woocommerce-MyAccount-content > :nth-child(2)`, but never found it.",
                "estack": "AssertionError: Timed out retrying after 4000ms: Expected to find element: `.woocommerce-MyAccount-content > :nth-child(2)`, but never found it.\n    at Context.eval (webpack://teste-ebac-ui/./cypress/e2e/login.cy.js:36:65)",
                "diff": null
              },
              "uuid": "a879ad4e-0d69-452e-b7a4-7c92527e4abe",
              "parentUUID": "58f3b40d-fcf9-48f4-95b8-b2a18d1bd949",
              "isHook": false,
              "skipped": false
            }
          ],
          "suites": [],
          "passes": [
            "473b8b97-7b94-496e-a3bc-c2eb903c3ff7",
            "75e60b73-8bd6-4a35-932c-84c00c346028"
          ],
          "failures": [
            "a879ad4e-0d69-452e-b7a4-7c92527e4abe"
          ],
          "pending": [],
          "skipped": [],
          "duration": 12816,
          "root": false,
          "rootEmpty": false,
          "_timeout": 2000
        }
      ],
      "passes": [],
      "failures": [],
      "pending": [],
      "skipped": [],
      "duration": 0,
      "root": true,
      "rootEmpty": true,
      "_timeout": 2000
    }
  ],
  "meta": {
    "mocha": {
      "version": "7.0.1"
    },
    "mochawesome": {
      "options": {
        "quiet": false,
        "reportFilename": "mochawesome",
        "saveHtml": true,
        "saveJson": true,
        "consoleReporter": "spec",
        "useInlineDiffs": false,
        "code": true
      },
      "version": "7.0.1"
    },
    "marge": {
      "options": null,
      "version": "6.0.1"
    }
  }
}